/*C23*/SET SCHEMA PUBLIC
CONNECT USER SA
/*C24*/SET SCHEMA PUBLIC
CONNECT USER SA
DISCONNECT
/*C23*/CREATE TABLE produtos(\u000acodigo integer not null,\u000adescricao varchar(30) not null\u000a)\u000a
drop table PUBLIC.CADASTROESNTRANGEIRO
drop table PUBLIC.PRODUTOS
CREATE TABLE cadastroestrangeiro (\u000a   numpassaporte  varchar(30)  not null primary key,\u000a celular varchar(60) not null,\u000a nome varchar(60) not null,\u000a endereco varchar(60) not null,\u000a email varchar(60) not null,\u000a data date,\u000a estadocivil varchar(60) not null,\u000a funcao varchar(60) not null,\u000a cpf varchar(60) not null,\u000a localfuncao varchar(60) not null,\u000a estado varchar(60) not null,\u000a sexo varchar(60) not null\u000a)
/*C25*/SET SCHEMA PUBLIC
CONNECT USER SA
DISCONNECT
/*C26*/SET SCHEMA PUBLIC
CONNECT USER SA
INSERT INTO CADASTROESTRANGEIRO VALUES('N32','Carlos','(23)322332322','luianda','233.223.233-32','2017-11-08','a@unesc.net','luanda','Solteiro','Estudante','luanda','Masculino')
DISCONNECT
/*C27*/SET SCHEMA PUBLIC
CONNECT USER SA
INSERT INTO CADASTROESTRANGEIRO VALUES('qw12','(12)321342342','23ddd','asdfasf','c@unesc.net','2017-11-01','Solteiro','Estudante','322.332.332-32','sdfsdfs','asdfsfsd','Masculino')
DISCONNECT
/*C28*/SET SCHEMA PUBLIC
CONNECT USER SA
DELETE FROM CADASTROESTRANGEIRO WHERE NUMPASSAPORTE='N32'
DISCONNECT
/*C29*/SET SCHEMA PUBLIC
CONNECT USER SA
DISCONNECT
/*C30*/SET SCHEMA PUBLIC
CONNECT USER SA
DELETE FROM CADASTROESTRANGEIRO WHERE NUMPASSAPORTE='qw12'
DISCONNECT
/*C31*/SET SCHEMA PUBLIC
CONNECT USER SA
DISCONNECT
/*C32*/SET SCHEMA PUBLIC
CONNECT USER SA
DISCONNECT
/*C33*/SET SCHEMA PUBLIC
CONNECT USER SA
DISCONNECT
/*C34*/SET SCHEMA PUBLIC
CONNECT USER SA
INSERT INTO CADASTROESTRANGEIRO VALUES('21sa','(12)122112211','asdasda','dqwdwd','c@unesc.net','2017-11-01','Solteiro','Estudante','212.123.322-33','zxcsdfsd','fsdfsdf','Masculino')
DISCONNECT
/*C35*/SET SCHEMA PUBLIC
CONNECT USER SA
DISCONNECT
/*C36*/SET SCHEMA PUBLIC
CONNECT USER SA
DISCONNECT
/*C37*/SET SCHEMA PUBLIC
CONNECT USER SA
DISCONNECT
/*C38*/SET SCHEMA PUBLIC
CONNECT USER SA
DISCONNECT
/*C39*/SET SCHEMA PUBLIC
CONNECT USER SA
DISCONNECT
/*C40*/SET SCHEMA PUBLIC
CONNECT USER SA
DISCONNECT
/*C41*/SET SCHEMA PUBLIC
CONNECT USER SA
DISCONNECT
/*C42*/SET SCHEMA PUBLIC
CONNECT USER SA
INSERT INTO CADASTROESTRANGEIRO VALUES('MJ368','(78)989959555','Carlos Fernandes','Brasil','carlos@unesc.net','2017-11-07','Divorcciado','Estudante','256.986.325-65','Lunanda','Luanda','Masculino')
DISCONNECT
/*C43*/SET SCHEMA PUBLIC
CONNECT USER SA
DISCONNECT
/*C44*/SET SCHEMA PUBLIC
CONNECT USER SA
DELETE FROM CADASTROESTRANGEIRO WHERE NUMPASSAPORTE='21sa'
DISCONNECT
/*C45*/SET SCHEMA PUBLIC
CONNECT USER SA
DISCONNECT
/*C46*/SET SCHEMA PUBLIC
CONNECT USER SA
DISCONNECT
/*C47*/SET SCHEMA PUBLIC
CONNECT USER SA
INSERT INTO CADASTROESTRANGEIRO VALUES('NJ978K','(25)698745896','Rafael Francisco Fernandes','Luanda 78','fernandes@unesc.net','2017-11-16','Solteiro','Estudante','125.369.854-41','Criciuma','Santa Catarina','Masculino')
DISCONNECT
/*C48*/SET SCHEMA PUBLIC
CONNECT USER SA
DISCONNECT
/*C23*/CREATE TABLE agendamento (\u000a codigosolicitacao integer not null primary key,\u000a  numpassaporte varchar(60) not null,\u000a descricao varchar(60) not null,\u000a data date,\u000a horario varchar(60) not null,\u000a tipofuncao varchar(60) not null,\u000a sexo varchar(60) not null,\u000a email varchar(60) not null,\u000a celular varchar(60) not null,\u000a nomefum varchar(60) not null\u000a\u000a)
DISCONNECT
